
blinky.elf:     file format elf32-littlearm


Disassembly of section .text:

08000000 <myvectors>:
 8000000:	00 20 00 20 25 00 00 08 11 00 00 08 13 00 00 08     . . %...........

08000010 <nmi_handler>:
 8000010:	4770      	bx	lr

08000012 <hardfault_handler>:
 8000012:	4770      	bx	lr

08000014 <delay>:
 8000014:	4b02      	ldr	r3, [pc, #8]	; (8000020 <delay+0xc>)
 8000016:	3b01      	subs	r3, #1
 8000018:	d001      	beq.n	800001e <delay+0xa>
 800001a:	bf00      	nop
 800001c:	e7fb      	b.n	8000016 <delay+0x2>
 800001e:	4770      	bx	lr
 8000020:	000f4241 	.word	0x000f4241

Disassembly of section .text.startup:

08000024 <main>:
 8000024:	4b15      	ldr	r3, [pc, #84]	; (800007c <main+0x58>)
 8000026:	b510      	push	{r4, lr}
 8000028:	699a      	ldr	r2, [r3, #24]
 800002a:	f5a3 3480 	sub.w	r4, r3, #65536	; 0x10000
 800002e:	f042 0014 	orr.w	r0, r2, #20
 8000032:	6198      	str	r0, [r3, #24]
 8000034:	2111      	movs	r1, #17
 8000036:	f5a4 6300 	sub.w	r3, r4, #2048	; 0x800
 800003a:	2204      	movs	r2, #4
 800003c:	6061      	str	r1, [r4, #4]
 800003e:	601a      	str	r2, [r3, #0]
 8000040:	2400      	movs	r4, #0
 8000042:	f7ff ffe7 	bl	8000014 <delay>
 8000046:	3401      	adds	r4, #1
 8000048:	480d      	ldr	r0, [pc, #52]	; (8000080 <main+0x5c>)
 800004a:	f014 0f01 	tst.w	r4, #1
 800004e:	f500 6300 	add.w	r3, r0, #2048	; 0x800
 8000052:	bf14      	ite	ne
 8000054:	f44f 7180 	movne.w	r1, #256	; 0x100
 8000058:	f04f 7180 	moveq.w	r1, #16777216	; 0x1000000
 800005c:	f014 0f04 	tst.w	r4, #4
 8000060:	6882      	ldr	r2, [r0, #8]
 8000062:	6119      	str	r1, [r3, #16]
 8000064:	4807      	ldr	r0, [pc, #28]	; (8000084 <main+0x60>)
 8000066:	d004      	beq.n	8000072 <main+0x4e>
 8000068:	07d2      	lsls	r2, r2, #31
 800006a:	d402      	bmi.n	8000072 <main+0x4e>
 800006c:	f44f 7200 	mov.w	r2, #512	; 0x200
 8000070:	e001      	b.n	8000076 <main+0x52>
 8000072:	f04f 7200 	mov.w	r2, #33554432	; 0x2000000
 8000076:	6102      	str	r2, [r0, #16]
 8000078:	e7e3      	b.n	8000042 <main+0x1e>
 800007a:	bf00      	nop
 800007c:	40021000 	.word	0x40021000
 8000080:	40010800 	.word	0x40010800
 8000084:	40011000 	.word	0x40011000
